2019-06-29 12:15:29 Debug: files/uploads/galleries//ketnap16-09502113112017.jpg does not exist
2019-06-29 12:15:29 Debug: files/uploads/galleries//ketnap16-09502113112017-crop-400x280-5a09086d86f43.jpg does not exist
2019-06-29 12:51:04 Debug: files/uploads/galleries/le_ket_nap_doan_vien_truong_thcs_va_thpt_ta_quang_buu_5a090233dc7b2/ketnap1-09252913112017.jpg does not exist
2019-06-29 12:51:04 Debug: files/uploads/galleries/le_ket_nap_doan_vien_truong_thcs_va_thpt_ta_quang_buu_5a090233dc7b2/ketnap1-09252913112017-crop-400x280-5a090299973ea.jpg does not exist
2019-06-29 12:51:04 Debug: files/uploads/galleries/le_ket_nap_doan_vien_truong_thcs_va_thpt_ta_quang_buu_5a090233dc7b2/ketnap2-09255413112017.jpg does not exist
2019-06-29 12:51:04 Debug: files/uploads/galleries/le_ket_nap_doan_vien_truong_thcs_va_thpt_ta_quang_buu_5a090233dc7b2/ketnap2-09255413112017-crop-400x280-5a0902b265332.jpg does not exist
2019-06-29 12:51:04 Debug: files/uploads/galleries/le_ket_nap_doan_vien_truong_thcs_va_thpt_ta_quang_buu_5a090233dc7b2/ketnap3-09260313112017.jpg does not exist
2019-06-29 12:51:04 Debug: files/uploads/galleries/le_ket_nap_doan_vien_truong_thcs_va_thpt_ta_quang_buu_5a090233dc7b2/ketnap3-09260313112017-crop-400x280-5a0902bb701fc.jpg does not exist
2019-06-29 12:51:04 Debug: files/uploads/galleries/le_ket_nap_doan_vien_truong_thcs_va_thpt_ta_quang_buu_5a090233dc7b2/ketnap4-09261113112017.jpg does not exist
2019-06-29 12:51:04 Debug: files/uploads/galleries/le_ket_nap_doan_vien_truong_thcs_va_thpt_ta_quang_buu_5a090233dc7b2/ketnap4-09261113112017-crop-400x280-5a0902c36efdd.jpg does not exist
2019-06-29 12:51:04 Debug: files/uploads/galleries/le_ket_nap_doan_vien_truong_thcs_va_thpt_ta_quang_buu_5a090233dc7b2/ketnap5-09261913112017.jpg does not exist
2019-06-29 12:51:04 Debug: files/uploads/galleries/le_ket_nap_doan_vien_truong_thcs_va_thpt_ta_quang_buu_5a090233dc7b2/ketnap5-09261913112017-crop-400x280-5a0902cb21e54.jpg does not exist
2019-06-29 12:51:04 Debug: files/uploads/galleries/le_ket_nap_doan_vien_truong_thcs_va_thpt_ta_quang_buu_5a090233dc7b2/ketnap6-09262513112017.jpg does not exist
2019-06-29 12:51:04 Debug: files/uploads/galleries/le_ket_nap_doan_vien_truong_thcs_va_thpt_ta_quang_buu_5a090233dc7b2/ketnap6-09262513112017-crop-400x280-5a0902d1a0300.jpg does not exist
2019-06-29 12:51:04 Debug: files/uploads/galleries/le_ket_nap_doan_vien_truong_thcs_va_thpt_ta_quang_buu_5a090233dc7b2/ketnap7-09263313112017.jpg does not exist
2019-06-29 12:51:04 Debug: files/uploads/galleries/le_ket_nap_doan_vien_truong_thcs_va_thpt_ta_quang_buu_5a090233dc7b2/ketnap7-09263313112017-crop-400x280-5a0902d9c9b1a.jpg does not exist
2019-06-29 12:51:04 Debug: files/uploads/galleries/le_ket_nap_doan_vien_truong_thcs_va_thpt_ta_quang_buu_5a090233dc7b2/ketnap8-09264113112017.jpg does not exist
2019-06-29 12:51:04 Debug: files/uploads/galleries/le_ket_nap_doan_vien_truong_thcs_va_thpt_ta_quang_buu_5a090233dc7b2/ketnap8-09264113112017-crop-400x280-5a0902e203375.jpg does not exist
2019-06-29 12:51:04 Debug: files/uploads/galleries/le_ket_nap_doan_vien_truong_thcs_va_thpt_ta_quang_buu_5a090233dc7b2/ketnap9-09264913112017.jpg does not exist
2019-06-29 12:51:04 Debug: files/uploads/galleries/le_ket_nap_doan_vien_truong_thcs_va_thpt_ta_quang_buu_5a090233dc7b2/ketnap9-09264913112017-crop-400x280-5a0902e94e018.jpg does not exist
2019-06-29 12:51:04 Debug: files/uploads/galleries/le_ket_nap_doan_vien_truong_thcs_va_thpt_ta_quang_buu_5a090233dc7b2/ketnap10-09283613112017.jpg does not exist
2019-06-29 12:51:04 Debug: files/uploads/galleries/le_ket_nap_doan_vien_truong_thcs_va_thpt_ta_quang_buu_5a090233dc7b2/ketnap10-09283613112017-crop-400x280-5a0903548c95b.jpg does not exist
2019-06-29 12:51:04 Debug: files/uploads/galleries/le_ket_nap_doan_vien_truong_thcs_va_thpt_ta_quang_buu_5a090233dc7b2/ketnap11-09284513112017.jpg does not exist
2019-06-29 12:51:04 Debug: files/uploads/galleries/le_ket_nap_doan_vien_truong_thcs_va_thpt_ta_quang_buu_5a090233dc7b2/ketnap11-09284513112017-crop-400x280-5a09035d7e582.jpg does not exist
2019-06-29 12:51:04 Debug: files/uploads/galleries/le_ket_nap_doan_vien_truong_thcs_va_thpt_ta_quang_buu_5a090233dc7b2/ketnap12-09285413112017.jpg does not exist
2019-06-29 12:51:04 Debug: files/uploads/galleries/le_ket_nap_doan_vien_truong_thcs_va_thpt_ta_quang_buu_5a090233dc7b2/ketnap12-09285413112017-crop-400x280-5a09036685ecd.jpg does not exist
2019-06-29 12:51:04 Debug: files/uploads/galleries/le_ket_nap_doan_vien_truong_thcs_va_thpt_ta_quang_buu_5a090233dc7b2/ketnap13-09461013112017.jpg does not exist
2019-06-29 12:51:04 Debug: files/uploads/galleries/le_ket_nap_doan_vien_truong_thcs_va_thpt_ta_quang_buu_5a090233dc7b2/ketnap13-09461013112017-crop-400x280-5a0907721c287.jpg does not exist
2019-06-29 12:51:04 Debug: files/uploads/galleries/le_ket_nap_doan_vien_truong_thcs_va_thpt_ta_quang_buu_5a090233dc7b2/ketnap14-09461913112017.jpg does not exist
2019-06-29 12:51:04 Debug: files/uploads/galleries/le_ket_nap_doan_vien_truong_thcs_va_thpt_ta_quang_buu_5a090233dc7b2/ketnap14-09461913112017-crop-400x280-5a09077b70d62.jpg does not exist
2019-06-29 12:51:04 Debug: files/uploads/galleries/le_ket_nap_doan_vien_truong_thcs_va_thpt_ta_quang_buu_5a090233dc7b2/ketnap15-09501113112017.jpg does not exist
2019-06-29 12:51:04 Debug: files/uploads/galleries/le_ket_nap_doan_vien_truong_thcs_va_thpt_ta_quang_buu_5a090233dc7b2/ketnap15-09501113112017-crop-400x280-5a090863799ec.jpg does not exist
2019-06-29 13:04:45 Debug: files/uploads/galleries//1-10085323112017.jpg does not exist
2019-06-29 13:04:45 Debug: files/uploads/galleries//1-10085323112017-crop-400x280-5a16e4853a695.jpg does not exist
2019-06-29 13:04:45 Debug: files/uploads/galleries//2-10085323112017.jpg does not exist
2019-06-29 13:04:45 Debug: files/uploads/galleries//2-10085323112017-crop-400x280-5a16e4854d66d.jpg does not exist
2019-06-29 13:04:45 Debug: files/uploads/galleries//3-10085323112017.jpg does not exist
2019-06-29 13:04:45 Debug: files/uploads/galleries//3-10085323112017-crop-400x280-5a16e485613dc.jpg does not exist
2019-06-29 13:04:45 Debug: files/uploads/galleries//4-10085323112017.jpg does not exist
2019-06-29 13:04:45 Debug: files/uploads/galleries//4-10085323112017-crop-400x280-5a16e4856dcde.jpg does not exist
2019-06-29 13:04:45 Debug: files/uploads/galleries//5-10085323112017.jpg does not exist
2019-06-29 13:04:45 Debug: files/uploads/galleries//5-10085323112017-crop-400x280-5a16e4857a454.jpg does not exist
2019-06-29 13:04:45 Debug: files/uploads/galleries//6-10085323112017.jpg does not exist
2019-06-29 13:04:45 Debug: files/uploads/galleries//6-10085323112017-crop-400x280-5a16e48583d56.jpg does not exist
2019-06-29 13:04:45 Debug: files/uploads/galleries//7-10085323112017.jpg does not exist
2019-06-29 13:04:45 Debug: files/uploads/galleries//7-10085323112017-crop-400x280-5a16e485910ac.jpg does not exist
2019-06-29 13:04:45 Debug: files/uploads/galleries//8-10085323112017.jpg does not exist
2019-06-29 13:04:45 Debug: files/uploads/galleries//8-10085323112017-crop-400x280-5a16e4859e237.jpg does not exist
2019-06-29 13:04:45 Debug: files/uploads/galleries//9-10085323112017.jpg does not exist
2019-06-29 13:04:45 Debug: files/uploads/galleries//9-10085323112017-crop-400x280-5a16e485a9716.jpg does not exist
2019-06-29 13:04:45 Debug: files/uploads/galleries//10-10085323112017.jpg does not exist
2019-06-29 13:04:45 Debug: files/uploads/galleries//10-10085323112017-crop-400x280-5a16e485b7686.jpg does not exist
2019-06-29 13:04:45 Debug: files/uploads/galleries//11-10092523112017.jpg does not exist
2019-06-29 13:04:45 Debug: files/uploads/galleries//11-10092523112017-crop-400x280-5a16e4a562252.jpg does not exist
2019-06-29 13:04:45 Debug: files/uploads/galleries//12-10092523112017.jpg does not exist
2019-06-29 13:04:45 Debug: files/uploads/galleries//12-10092523112017-crop-400x280-5a16e4a56f0e7.jpg does not exist
2019-06-29 13:05:14 Debug: files/uploads/galleries//1-09562823112017.jpg does not exist
2019-06-29 13:05:14 Debug: files/uploads/galleries//1-09562823112017-crop-400x280-5a16e19c07069.jpg does not exist
2019-06-29 13:05:14 Debug: files/uploads/galleries//2-09562823112017.jpg does not exist
2019-06-29 13:05:14 Debug: files/uploads/galleries//2-09562823112017-crop-400x280-5a16e19c0c0a0.jpg does not exist
2019-06-29 13:05:14 Debug: files/uploads/galleries//4-09562823112017.jpg does not exist
2019-06-29 13:05:14 Debug: files/uploads/galleries//4-09562823112017-crop-400x280-5a16e19c14144.jpg does not exist
2019-06-29 13:05:14 Debug: files/uploads/galleries//5-09562823112017.jpg does not exist
2019-06-29 13:05:14 Debug: files/uploads/galleries//5-09562823112017-crop-400x280-5a16e19c18138.jpg does not exist
2019-06-29 13:05:14 Debug: files/uploads/galleries//6-09562823112017.jpg does not exist
2019-06-29 13:05:14 Debug: files/uploads/galleries//6-09562823112017-crop-400x280-5a16e19c1c622.jpg does not exist
2019-06-29 13:05:31 Debug: files/uploads/galleries//foody-mobile-ntd-jpg-412-635811045392085334-10192918102017.jpg does not exist
2019-06-29 13:05:31 Debug: files/uploads/galleries//foody-mobile-ntd-jpg-412-635811045392085334-10192918102017-crop-400x280-59e7710148436.jpg does not exist
2019-06-29 13:05:31 Debug: files/uploads/galleries//2-10452319102017.jpg does not exist
2019-06-29 13:05:31 Debug: files/uploads/galleries//2-10452319102017-crop-400x280-59e81fd333682.jpg does not exist
2019-06-29 13:05:31 Debug: files/uploads/galleries//img_1254-10452319102017.jpg does not exist
2019-06-29 13:05:31 Debug: files/uploads/galleries//img_1254-10452319102017-crop-400x280-59e81fd343007.jpg does not exist
2019-06-29 13:05:31 Debug: files/uploads/galleries//img_1254-10461619102017.jpg does not exist
2019-06-29 13:05:31 Debug: files/uploads/galleries//img_1254-10461619102017-crop-400x280-59e82008826c4.jpg does not exist
2019-06-29 13:05:47 Debug: files/uploads/galleries//be_boi_bach_khoa_01-10571919102017.jpg does not exist
2019-06-29 13:05:47 Debug: files/uploads/galleries//be_boi_bach_khoa_01-10571919102017-crop-400x280-59e8229f43017.jpg does not exist
2019-06-29 13:05:47 Debug: files/uploads/galleries//bookin-be-boi-tang-bat-ho-a1-10571919102017.jpg does not exist
2019-06-29 13:05:47 Debug: files/uploads/galleries//bookin-be-boi-tang-bat-ho-a1-10571919102017-crop-400x280-59e8229f4d086.jpg does not exist
2019-06-29 13:05:47 Debug: files/uploads/galleries//qjizmidnu5rxmos-10571919102017.jpeg does not exist
2019-06-29 13:05:47 Debug: files/uploads/galleries//qjizmidnu5rxmos-10571919102017-crop-400x280-59e8229f55cbb.jpeg does not exist
2019-06-29 13:05:47 Debug: files/uploads/galleries//be-boi-dep-10583119102017.jpg does not exist
2019-06-29 13:05:47 Debug: files/uploads/galleries//be-boi-dep-10583119102017-crop-400x280-59e822e812032.jpg does not exist
2019-06-29 13:06:02 Debug: files/uploads/galleries/van_hoa_doc_sach___buoi_3__chien_thuat_tim_tu_khoa_5a16dce04ef4d/3-09562823112017.jpg does not exist
2019-06-29 13:06:02 Debug: files/uploads/galleries/van_hoa_doc_sach___buoi_3__chien_thuat_tim_tu_khoa_5a16dce04ef4d/3-09562823112017-crop-400x280-5a16e19c10132.jpg does not exist
2019-06-29 13:06:19 Debug: files/uploads/galleries//stem2-04214913112017.jpg does not exist
2019-06-29 13:06:19 Debug: files/uploads/galleries//stem2-04214913112017-crop-400x280-5a09642de0f70.jpg does not exist
2019-06-29 13:06:39 Debug: files/uploads/galleries//stem1-04214913112017.jpg does not exist
2019-06-29 13:06:39 Debug: files/uploads/galleries//stem1-04214913112017-crop-400x280-5a09642dcf8cc.jpg does not exist
2019-06-29 13:06:39 Debug: files/uploads/galleries//stem3-04214913112017.jpg does not exist
2019-06-29 13:06:39 Debug: files/uploads/galleries//stem3-04214913112017-crop-400x280-5a09642df39f8.jpg does not exist
2019-06-29 13:06:39 Debug: files/uploads/galleries//stem4-04215013112017.jpg does not exist
2019-06-29 13:06:39 Debug: files/uploads/galleries//stem4-04215013112017-crop-400x280-5a09642e0d41a.jpg does not exist
2019-06-29 13:06:39 Debug: files/uploads/galleries//stem5-04215013112017.jpg does not exist
2019-06-29 13:06:39 Debug: files/uploads/galleries//stem5-04215013112017-crop-400x280-5a09642e1a988.jpg does not exist
2019-06-29 13:06:39 Debug: files/uploads/galleries//stem6-04215013112017.jpg does not exist
2019-06-29 13:06:39 Debug: files/uploads/galleries//stem6-04215013112017-crop-400x280-5a09642e27c04.jpg does not exist
2019-06-29 13:06:39 Debug: files/uploads/galleries//stem7-04215113112017.jpg does not exist
2019-06-29 13:06:39 Debug: files/uploads/galleries//stem7-04215113112017-crop-400x280-5a09642f82ac2.jpg does not exist
2019-06-29 13:06:39 Debug: files/uploads/galleries//stem8-04215113112017.jpg does not exist
2019-06-29 13:06:39 Debug: files/uploads/galleries//stem8-04215113112017-crop-400x280-5a09642f8fb33.jpg does not exist
2019-06-29 13:06:39 Debug: files/uploads/galleries//stem9-04215113112017.jpg does not exist
2019-06-29 13:06:39 Debug: files/uploads/galleries//stem9-04215113112017-crop-400x280-5a09642f9cd83.jpg does not exist
2019-06-29 13:06:39 Debug: files/uploads/galleries//stem10-04215113112017.jpg does not exist
2019-06-29 13:06:39 Debug: files/uploads/galleries//stem10-04215113112017-crop-400x280-5a09642fa9fd4.jpg does not exist
2019-06-29 13:06:39 Debug: files/uploads/galleries//stem11-04215113112017.jpg does not exist
2019-06-29 13:06:39 Debug: files/uploads/galleries//stem11-04215113112017-crop-400x280-5a09642fb8955.jpg does not exist
2019-06-29 13:06:39 Debug: files/uploads/galleries//stem12-04215113112017.jpg does not exist
2019-06-29 13:06:39 Debug: files/uploads/galleries//stem12-04215113112017-crop-400x280-5a09642fc60f0.jpg does not exist
2019-06-29 13:06:39 Debug: files/uploads/galleries//stem13-04215113112017.jpg does not exist
2019-06-29 13:06:39 Debug: files/uploads/galleries//stem13-04215113112017-crop-400x280-5a09642fd37ae.jpg does not exist
2019-06-29 13:06:39 Debug: files/uploads/galleries//stem14-04215113112017.jpg does not exist
2019-06-29 13:06:39 Debug: files/uploads/galleries//stem14-04215113112017-crop-400x280-5a09642fe1415.jpg does not exist
2019-06-29 13:06:39 Debug: files/uploads/galleries//stem15-04215113112017.jpg does not exist
2019-06-29 13:06:39 Debug: files/uploads/galleries//stem15-04215113112017-crop-400x280-5a09642feeca2.jpg does not exist
2019-06-29 13:06:39 Debug: files/uploads/galleries//stem16-04215113112017.jpg does not exist
2019-06-29 13:06:39 Debug: files/uploads/galleries//stem16-04215113112017-crop-400x280-5a096430085d2.jpg does not exist
2019-06-29 13:06:59 Debug: files/uploads/galleries//51_-truong-thcs-va-thpt-ta-quang-buu-10525219102017.jpg does not exist
2019-06-29 13:06:59 Debug: files/uploads/galleries//51_-truong-thcs-va-thpt-ta-quang-buu-10525219102017-crop-400x280-59e82194ea737.jpg does not exist
2019-06-29 13:06:59 Debug: files/uploads/galleries//2016-2017-10525219102017.jpg does not exist
2019-06-29 13:06:59 Debug: files/uploads/galleries//2016-2017-10525219102017-crop-400x280-59e821955b925.jpg does not exist
2019-06-29 13:06:59 Debug: files/uploads/galleries//92f4ccec-f7c9-4a06-b6eb-b41ba8aac41b-10525319102017.jpg does not exist
2019-06-29 13:06:59 Debug: files/uploads/galleries//92f4ccec-f7c9-4a06-b6eb-b41ba8aac41b-10525319102017-crop-400x280-59e821956b836.jpg does not exist
2019-06-29 13:07:12 Debug: files/uploads/galleries//khaigiang1-01452513112017.jpg does not exist
2019-06-29 13:07:12 Debug: files/uploads/galleries//khaigiang1-01452513112017-crop-400x280-5a093f8517da9.jpg does not exist
2019-06-29 13:07:12 Debug: files/uploads/galleries//khaigiang2-01453813112017.jpg does not exist
2019-06-29 13:07:12 Debug: files/uploads/galleries//khaigiang2-01453813112017-crop-400x280-5a093f92ac778.jpg does not exist
2019-06-29 13:07:12 Debug: files/uploads/galleries//khaigiang3-01455713112017.jpg does not exist
2019-06-29 13:07:12 Debug: files/uploads/galleries//khaigiang3-01455713112017-crop-400x280-5a093fa563e17.jpg does not exist
2019-06-29 13:07:12 Debug: files/uploads/galleries//khaigiang4-01455713112017.jpg does not exist
2019-06-29 13:07:12 Debug: files/uploads/galleries//khaigiang4-01455713112017-crop-400x280-5a093fa571b8d.jpg does not exist
2019-06-29 13:07:12 Debug: files/uploads/galleries//khaigiang5-01455713112017.jpg does not exist
2019-06-29 13:07:12 Debug: files/uploads/galleries//khaigiang5-01455713112017-crop-400x280-5a093fa57eac2.jpg does not exist
2019-06-29 13:07:12 Debug: files/uploads/galleries//khaigiang6-01461213112017.jpg does not exist
2019-06-29 13:07:12 Debug: files/uploads/galleries//khaigiang6-01461213112017-crop-400x280-5a093fb4b298e.jpg does not exist
2019-06-29 13:07:12 Debug: files/uploads/galleries//khaigiang7-01461213112017.jpg does not exist
2019-06-29 13:07:12 Debug: files/uploads/galleries//khaigiang7-01461213112017-crop-400x280-5a093fb4c3315.jpg does not exist
2019-06-29 13:07:12 Debug: files/uploads/galleries//khaigiang8-01461213112017.jpg does not exist
2019-06-29 13:07:12 Debug: files/uploads/galleries//khaigiang8-01461213112017-crop-400x280-5a093fb4d2147.jpg does not exist
2019-06-29 13:07:45 Debug: files/uploads/galleries//begiang1-01522813112017.jpg does not exist
2019-06-29 13:07:45 Debug: files/uploads/galleries//begiang1-01522813112017-crop-400x280-5a09412cb86fd.jpg does not exist
2019-06-29 13:07:45 Debug: files/uploads/galleries//begiang2-01522813112017.jpg does not exist
2019-06-29 13:07:45 Debug: files/uploads/galleries//begiang2-01522813112017-crop-400x280-5a09412cc7c40.jpg does not exist
2019-06-29 13:07:45 Debug: files/uploads/galleries//begiang3-01522813112017.jpg does not exist
2019-06-29 13:07:45 Debug: files/uploads/galleries//begiang3-01522813112017-crop-400x280-5a09412cd527a.jpg does not exist
2019-06-29 13:07:45 Debug: files/uploads/galleries//begiang4-01522813112017.jpg does not exist
2019-06-29 13:07:45 Debug: files/uploads/galleries//begiang4-01522813112017-crop-400x280-5a09412ce2a46.jpg does not exist
2019-06-29 13:07:45 Debug: files/uploads/galleries//begiang5-01522813112017.jpg does not exist
2019-06-29 13:07:45 Debug: files/uploads/galleries//begiang5-01522813112017-crop-400x280-5a09412ced18f.jpg does not exist
2019-06-29 13:07:45 Debug: files/uploads/galleries//begiang6-01522813112017.jpg does not exist
2019-06-29 13:07:45 Debug: files/uploads/galleries//begiang6-01522813112017-crop-400x280-5a09412d0380f.jpg does not exist
2019-06-29 13:07:45 Debug: files/uploads/galleries//begiang7-01533313112017.jpg does not exist
2019-06-29 13:07:45 Debug: files/uploads/galleries//begiang7-01533313112017-crop-400x280-5a09416dac13e.jpg does not exist
2019-06-29 13:07:45 Debug: files/uploads/galleries//begiang8-01533313112017.jpg does not exist
2019-06-29 13:07:45 Debug: files/uploads/galleries//begiang8-01533313112017-crop-400x280-5a09416dbfefa.jpg does not exist
2019-06-29 13:07:45 Debug: files/uploads/galleries//begiang9-01533313112017.jpg does not exist
2019-06-29 13:07:45 Debug: files/uploads/galleries//begiang9-01533313112017-crop-400x280-5a09416dce150.jpg does not exist
2019-06-29 13:07:45 Debug: files/uploads/galleries//begiang10-01533313112017.jpg does not exist
2019-06-29 13:07:45 Debug: files/uploads/galleries//begiang10-01533313112017-crop-400x280-5a09416de07eb.jpg does not exist
2019-06-29 13:07:45 Debug: files/uploads/galleries//begiang11-01533313112017.jpg does not exist
2019-06-29 13:07:45 Debug: files/uploads/galleries//begiang11-01533313112017-crop-400x280-5a09416e05988.jpg does not exist
2019-06-29 13:07:45 Debug: files/uploads/galleries//begiang12-01533413112017.jpg does not exist
2019-06-29 13:07:45 Debug: files/uploads/galleries//begiang12-01533413112017-crop-400x280-5a09416e17be9.jpg does not exist
2019-06-29 13:07:45 Debug: files/uploads/galleries//begiang13-01533413112017.jpg does not exist
2019-06-29 13:07:45 Debug: files/uploads/galleries//begiang13-01533413112017-crop-400x280-5a09416e293bc.jpg does not exist
2019-06-29 13:07:45 Debug: files/uploads/galleries//begiang14-01533413112017.jpg does not exist
2019-06-29 13:07:45 Debug: files/uploads/galleries//begiang14-01533413112017-crop-400x280-5a09416e3a726.jpg does not exist
2019-06-29 13:07:45 Debug: files/uploads/galleries//begiang16-01533413112017.jpg does not exist
2019-06-29 13:07:45 Debug: files/uploads/galleries//begiang16-01533413112017-crop-400x280-5a09416e4bc76.jpg does not exist
2019-06-29 13:07:45 Debug: files/uploads/galleries//begiang17-01542613112017.jpg does not exist
2019-06-29 13:07:45 Debug: files/uploads/galleries//begiang17-01542613112017-crop-400x280-5a0941a2d8b70.jpg does not exist
2019-06-29 13:09:26 Debug: files/uploads/galleries/tien_do_nha_may_amdstone_nui_ben_5916c53a96905/images-10525219102017.jpg does not exist
2019-06-29 13:09:26 Debug: files/uploads/galleries/tien_do_nha_may_amdstone_nui_ben_5916c53a96905/images-10525219102017-crop-400x280-59e82194ddb5f.jpg does not exist
